<?xml version="1.0" encoding="UTF-8"?>
<testsuite name="InteractableTest" tests="4" skipped="0" failures="0" errors="0" timestamp="2022-07-16T07:28:24" hostname="chenyouqiaodeMacBook-Pro.local" time="0.277">
  <properties/>
  <testcase name="[1] Polite" classname="InteractableTest" time="0.268"/>
  <testcase name="[2] Rude" classname="InteractableTest" time="0.001"/>
  <testcase name="[1] Polite" classname="InteractableTest" time="0.001"/>
  <testcase name="[2] Rude" classname="InteractableTest" time="0.001"/>
  <system-out><![CDATA[]]></system-out>
  <system-err><![CDATA[]]></system-err>
</testsuite>
