<?xml version="1.0" encoding="UTF-8"?>
<testsuite name="PlayerTest" tests="2" skipped="0" failures="0" errors="0" timestamp="2022-07-21T15:09:24" hostname="chenyouqiaodeMacBook-Pro.local" time="0.387">
  <properties/>
  <testcase name="[1] dp.PoliteWorld@3244099a" classname="PlayerTest" time="0.381"/>
  <testcase name="[2] dp.RudeWorld@273e7825" classname="PlayerTest" time="0.002"/>
  <system-out><![CDATA[]]></system-out>
  <system-err><![CDATA[]]></system-err>
</testsuite>
